[www.clicktorelease.com/code/codevember-2017/alien-strands/index.html]
[backblue.gif]
[fade.gif]
[index.html]
[www.clicktorelease.com/cdn-cgi/apps/head/EQZCnk4gCeNwUQsZ03sLJaa105M.js]
[www.clicktorelease.com/code/codevember-2017/css/styles.css]
[www.clicktorelease.com/code/codevember-2017/alien-strands/threejs.org]
[www.clicktorelease.com/code/codevember-2017/js/Common.js]
[www.clicktorelease.com/code/codevember-2017/js/three.min.js]
[www.clicktorelease.com/code/codevember-2017/js/OrbitControls.js]
[www.clicktorelease.com/code/codevember-2017/js/perlin.js]
[www.clicktorelease.com/code/codevember-2017/js/ImprovedNoise.js]
[www.clicktorelease.com/code/codevember-2017/js/Maf.js]
[www.clicktorelease.com/code/codevember-2017/js/THREE.FBOHelper.js]
[www.clicktorelease.com/code/codevember-2017/assets/pumice/specular.jpg]
[www.clicktorelease.com/code/codevember-2017/assets/pumice/normal.jpg]
[www.clicktorelease.com/code/codevember-2017/assets/gradient1.jpg]
[www.clicktorelease.com/code/codevember-2017/alien-strands/index.html]
[www.clicktorelease.com/code/codevember-2017/css/styles.css]
[www.clicktorelease.com/code/codevember-2017/alien-strands/threejs.html]
